4318
DEL 0
INS 1 C
INS 4 T
DEL 8
INS 9 T
DEL 11
SUB 12 G
INS 13 T
INS 15 A
SUB 18 G
SUB 20 G
SUB 22 A
DEL 26
SUB 28 A
DEL 29
SUB 30 A
DEL 31
DEL 32
SUB 33 G
DEL 34
INS 35 A
SUB 38 T
INS 41 G
SUB 43 T
SUB 44 T
DEL 45
SUB 50 T
SUB 53 G
SUB 54 G
SUB 56 C
INS 58 T
SUB 60 A
DEL 61
SUB 67 G
SUB 68 G
INS 70 C
DEL 74
INS 76 T
SUB 78 T
INS 79 G
SUB 81 A
SUB 82 C
SUB 87 T
SUB 88 T
SUB 89 G
INS 90 G
SUB 92 T
DEL 94
DEL 95
SUB 96 A
INS 98 G
SUB 100 C
INS 101 C
INS 102 G
INS 105 G
INS 107 T
SUB 109 T
INS 112 C
SUB 114 C
SUB 115 C
INS 116 C
SUB 118 C
SUB 119 G
SUB 121 G
DEL 124
SUB 125 T
DEL 126
SUB 128 G
SUB 131 T
SUB 135 G
SUB 136 G
SUB 137 T
SUB 138 C
INS 140 G
INS 141 G
INS 142 C
SUB 144 G
SUB 146 A
SUB 147 C
SUB 150 A
SUB 151 C
SUB 156 C
SUB 157 C
SUB 158 A
INS 163 T
SUB 165 C
INS 168 G
SUB 170 C
SUB 171 G
DEL 172
SUB 173 T
SUB 177 G
INS 178 A
SUB 180 G
SUB 185 A
INS 187 T
INS 188 G
INS 190 G
INS 191 T
INS 194 C
INS 195 T
INS 198 G
SUB 202 C
DEL 203
DEL 204
SUB 205 T
DEL 211
DEL 211
DEL 211
DEL 214
DEL 214
SUB 215 A
DEL 217
SUB 220 A
SUB 222 G
INS 223 C
SUB 228 G
DEL 229
DEL 230
SUB 232 A
INS 235 C
INS 236 C
INS 238 C
SUB 241 T
DEL 243
SUB 246 A
SUB 247 G
SUB 249 A
SUB 251 A
SUB 253 G
INS 254 T
INS 256 T
INS 257 T
INS 260 C
INS 263 C
INS 265 T
INS 266 C
SUB 270 A
INS 271 T
INS 273 T
INS 274 T
INS 278 A
DEL 280
SUB 282 T
INS 286 A
SUB 288 C
INS 291 G
DEL 293
SUB 295 T
SUB 297 C
SUB 300 G
SUB 302 G
INS 303 C
INS 305 G
DEL 308
SUB 309 C
SUB 310 G
DEL 314
DEL 314
SUB 317 A
SUB 320 T
SUB 321 C
INS 323 A
SUB 325 A
SUB 326 T
DEL 331
INS 334 A
SUB 337 G
SUB 339 G
SUB 340 A
SUB 341 A
INS 345 G
INS 346 T
SUB 350 A
SUB 351 T
INS 352 C
INS 353 C
SUB 355 T
INS 356 T
SUB 358 C
SUB 361 G
SUB 362 G
INS 363 G
SUB 366 G
SUB 368 A
INS 369 A
INS 372 T
DEL 374
INS 378 A
INS 382 A
INS 383 C
INS 386 T
INS 390 G
SUB 395 T
INS 397 T
INS 400 T
INS 405 A
INS 407 C
SUB 410 A
INS 411 C
INS 412 C
INS 413 A
INS 414 C
INS 416 C
SUB 420 C
INS 421 G
INS 422 G
SUB 424 A
INS 430 A
INS 431 T
INS 432 T
INS 433 T
INS 434 T
INS 435 A
INS 438 C
INS 440 A
INS 441 A
INS 442 G
INS 445 T
INS 446 C
INS 448 T
INS 450 T
SUB 453 C
INS 454 G
INS 455 T
INS 456 T
INS 457 G
INS 458 T
INS 459 T
SUB 463 C
SUB 464 C
INS 466 T
INS 469 A
INS 470 G
INS 473 G
SUB 476 A
INS 478 C
DEL 481
INS 482 T
SUB 484 A
INS 487 T
SUB 491 C
INS 492 G
INS 493 G
INS 495 C
INS 497 T
SUB 501 A
INS 503 C
INS 504 A
SUB 506 T
SUB 507 T
INS 513 G
INS 514 A
DEL 518
INS 522 T
INS 523 T
INS 524 T
INS 527 C
INS 528 C
INS 529 G
SUB 534 G
DEL 536
SUB 538 G
SUB 539 G
DEL 540
SUB 544 G
INS 545 C
INS 548 T
SUB 550 A
SUB 553 T
INS 554 A
DEL 556
DEL 558
INS 559 T
INS 561 A
SUB 564 A
INS 565 A
SUB 567 T
INS 568 A
SUB 571 C
DEL 573
SUB 575 G
DEL 578
INS 581 C
INS 583 A
SUB 585 A
SUB 587 G
SUB 589 G
INS 591 G
INS 592 G
INS 596 C
INS 598 C
INS 599 G
INS 600 T
INS 602 A
SUB 608 A
SUB 609 A
INS 610 C
INS 611 A
INS 614 A
SUB 616 G
SUB 619 T
SUB 620 G
DEL 621
DEL 621
SUB 624 G
DEL 626
INS 628 G
SUB 630 A
SUB 633 T
SUB 635 T
SUB 639 A
INS 641 A
INS 642 G
INS 643 T
INS 644 G
INS 648 A
INS 650 A
INS 654 G
INS 655 C
SUB 659 A
INS 660 A
INS 661 C
INS 662 C
SUB 666 G
SUB 668 T
SUB 669 C
INS 673 C
INS 674 C
SUB 676 C
SUB 679 G
INS 680 T
SUB 682 T
INS 684 T
INS 685 G
INS 686 T
INS 687 C
INS 689 G
INS 693 G
INS 696 C
INS 697 A
INS 699 T
INS 703 G
INS 706 A
INS 707 C
INS 710 G
SUB 712 G
SUB 713 C
SUB 715 C
SUB 716 C
SUB 719 C
INS 722 C
SUB 726 T
INS 727 T
INS 729 T
INS 730 T
SUB 732 T
SUB 733 T
INS 735 T
SUB 737 G
SUB 738 T
SUB 739 G
INS 741 C
SUB 745 A
SUB 747 T
DEL 749
SUB 750 C
SUB 751 T
SUB 752 T
INS 754 T
SUB 756 C
SUB 757 T
INS 759 T
INS 761 C
INS 762 C
INS 763 C
INS 767 G
SUB 769 C
SUB 771 T
INS 772 A
DEL 778
INS 781 G
SUB 783 G
DEL 784
INS 785 T
INS 788 G
INS 789 G
INS 790 G
INS 791 G
INS 792 G
INS 793 G
INS 794 A
INS 797 C
INS 798 C
SUB 801 G
SUB 804 G
SUB 805 G
SUB 807 G
SUB 808 G
INS 812 C
DEL 815
INS 817 A
INS 819 A
INS 821 G
INS 822 G
INS 826 G
INS 828 C
SUB 830 A
SUB 831 A
INS 832 A
SUB 834 T
INS 835 T
INS 836 T
INS 838 T
INS 843 C
INS 846 G
INS 847 C
SUB 851 G
INS 852 T
INS 854 C
INS 855 T
INS 856 T
INS 858 C
INS 859 T
DEL 867
INS 868 C
INS 871 T
INS 873 C
SUB 876 T
SUB 877 T
INS 878 C
INS 879 C
INS 880 T
INS 881 G
INS 882 T
INS 883 G
INS 884 C
INS 887 G
INS 888 T
INS 890 C
INS 892 A
INS 894 T
INS 898 T
SUB 901 T
INS 902 T
SUB 904 T
INS 907 C
SUB 909 G
INS 911 T
INS 913 A
INS 914 T
INS 916 G
INS 919 T
DEL 925
DEL 925
DEL 926
DEL 928
SUB 930 T
DEL 931
SUB 933 C
INS 934 C
INS 935 A
INS 939 G
INS 943 A
INS 945 C
INS 947 G
INS 948 C
INS 951 T
INS 952 G
INS 954 G
INS 955 T
INS 958 A
INS 960 A
INS 961 G
INS 962 G
INS 965 C
INS 966 G
SUB 968 A
SUB 969 T
INS 970 T
INS 971 G
SUB 974 C
SUB 976 T
SUB 980 T
INS 981 C
SUB 983 C
DEL 987
INS 989 G
INS 991 C
INS 992 C
INS 994 A
INS 998 A
SUB 1001 C
SUB 1002 A
SUB 1003 T
INS 1004 A
INS 1007 A
INS 1008 T
SUB 1010 G
INS 1011 T
SUB 1013 G
SUB 1014 T
SUB 1015 T
INS 1017 G
INS 1018 G
INS 1019 G
INS 1020 T
INS 1023 C
INS 1024 G
SUB 1028 T
SUB 1029 C
INS 1035 C
INS 1036 A
SUB 1039 A
INS 1041 G
INS 1042 A
SUB 1048 C
INS 1049 G
SUB 1051 C
SUB 1053 C
SUB 1054 C
SUB 1055 C
INS 1056 T
INS 1061 C
INS 1063 C
INS 1065 C
INS 1067 A
INS 1068 A
INS 1070 A
INS 1071 A
INS 1072 A
INS 1073 A
INS 1075 G
INS 1078 C
INS 1079 C
INS 1082 T
INS 1083 C
INS 1086 T
INS 1087 T
SUB 1089 T
DEL 1095
DEL 1096
INS 1097 C
DEL 1099
SUB 1100 C
DEL 1101
INS 1103 A
INS 1106 A
INS 1108 G
INS 1109 G
INS 1110 G
SUB 1113 T
SUB 1114 T
INS 1116 G
DEL 1118
INS 1121 A
SUB 1123 G
SUB 1125 G
DEL 1127
SUB 1128 G
SUB 1132 A
INS 1134 C
INS 1135 C
INS 1136 G
INS 1140 T
INS 1143 A
INS 1145 G
SUB 1147 G
SUB 1148 G
SUB 1149 G
INS 1153 T
INS 1156 T
INS 1160 T
SUB 1163 C
INS 1164 A
SUB 1167 A
SUB 1168 C
SUB 1170 T
INS 1171 C
INS 1172 C
SUB 1175 T
INS 1177 C
INS 1178 C
INS 1183 T
INS 1187 C
SUB 1189 A
SUB 1191 T
INS 1192 A
INS 1194 T
SUB 1196 A
INS 1197 C
INS 1198 G
INS 1199 C
INS 1200 C
INS 1207 G
INS 1209 A
INS 1210 G
INS 1211 T
INS 1213 C
INS 1214 G
INS 1217 T
SUB 1219 A
SUB 1223 G
INS 1224 C
INS 1227 A
INS 1229 G
INS 1230 G
INS 1233 C
INS 1236 C
SUB 1238 C
INS 1239 G
SUB 1242 T
INS 1244 T
SUB 1246 T
INS 1247 A
INS 1248 C
INS 1250 A
INS 1251 C
INS 1254 T
SUB 1256 T
SUB 1259 T
SUB 1260 T
DEL 1261
INS 1263 C
INS 1264 C
INS 1265 G
INS 1267 G
INS 1268 A
INS 1272 G
INS 1274 A
INS 1275 A
INS 1278 T
INS 1281 G
DEL 1283
INS 1286 T
INS 1287 G
INS 1288 G
INS 1290 G
INS 1292 T
SUB 1295 T
INS 1297 T
SUB 1299 G
INS 1300 T
INS 1301 G
INS 1302 T
INS 1304 T
INS 1306 G
SUB 1308 G
INS 1309 C
INS 1311 A
INS 1312 C
INS 1315 G
INS 1317 C
INS 1319 T
INS 1320 C
INS 1321 T
INS 1324 C
INS 1326 G
INS 1328 T
INS 1329 T
SUB 1332 C
INS 1335 C
INS 1336 C
INS 1337 A
INS 1338 G
INS 1340 C
INS 1342 C
INS 1343 T
INS 1345 T
INS 1348 T
INS 1350 T
INS 1351 T
INS 1352 A
SUB 1355 T
INS 1356 A
INS 1357 A
INS 1359 C
INS 1360 A
INS 1361 C
INS 1362 G
INS 1363 G
INS 1366 G
INS 1367 G
INS 1369 T
INS 1373 T
INS 1376 C
INS 1377 C
INS 1379 C
INS 1382 T
INS 1383 T
SUB 1386 C
SUB 1389 T
INS 1390 C
INS 1392 T
INS 1393 C
INS 1394 T
INS 1396 A
INS 1398 G
INS 1399 T
INS 1400 C
INS 1401 C
INS 1407 C
INS 1409 C
SUB 1412 A
INS 1415 G
INS 1416 C
INS 1418 A
INS 1420 G
INS 1422 A
SUB 1425 G
INS 1426 C
INS 1430 G
SUB 1433 G
SUB 1435 A
INS 1437 A
INS 1438 A
INS 1439 T
INS 1440 C
INS 1442 C
INS 1443 C
INS 1449 C
INS 1450 C
INS 1451 T
INS 1454 G
INS 1455 G
INS 1456 T
INS 1459 C
INS 1460 C
INS 1461 T
INS 1462 C
INS 1463 T
INS 1464 C
SUB 1467 T
INS 1469 C
INS 1470 C
SUB 1472 G
INS 1475 C
INS 1476 A
INS 1477 C
INS 1478 A
INS 1481 A
SUB 1484 C
INS 1485 C
SUB 1490 C
SUB 1493 A
INS 1496 A
INS 1500 C
INS 1502 T
INS 1503 T
INS 1504 C
INS 1506 A
INS 1508 C
INS 1509 C
INS 1511 T
SUB 1513 T
INS 1514 T
INS 1515 T
INS 1516 C
SUB 1518 G
INS 1519 T
INS 1521 C
INS 1522 C
INS 1524 T
SUB 1526 G
SUB 1527 G
INS 1528 C
INS 1529 T
INS 1530 T
INS 1531 T
INS 1532 G
INS 1533 T
INS 1534 T
INS 1535 C
SUB 1538 A
INS 1541 A
INS 1543 A
SUB 1548 C
INS 1551 C
INS 1553 G
INS 1555 A
SUB 1557 G
SUB 1559 A
INS 1560 A
INS 1562 T
INS 1563 T
INS 1564 A
INS 1569 C
INS 1570 G
SUB 1573 T
INS 1575 A
INS 1577 A
INS 1579 C
SUB 1582 T
SUB 1583 G
SUB 1585 T
SUB 1586 G
SUB 1587 C
SUB 1588 G
SUB 1589 G
SUB 1590 C
SUB 1593 C
SUB 1595 G
INS 1596 G
INS 1598 G
INS 1599 C
INS 1601 A
INS 1602 T
INS 1605 T
INS 1607 C
INS 1609 T
SUB 1611 A
DEL 1614
SUB 1616 C
SUB 1617 T
INS 1618 C
SUB 1620 G
SUB 1623 C
SUB 1627 G
INS 1628 G
INS 1630 A
SUB 1633 T
INS 1634 T
INS 1635 T
INS 1636 C
INS 1639 T
INS 1641 T
INS 1642 C
SUB 1646 C
INS 1647 A
INS 1648 G
INS 1649 G
INS 1652 C
INS 1654 A
INS 1655 C
INS 1656 C
INS 1657 T
SUB 1661 T
INS 1662 G
INS 1663 A
INS 1666 A
INS 1667 G
INS 1668 G
SUB 1670 G
SUB 1671 C
SUB 1673 C
SUB 1675 G
INS 1676 C
INS 1677 C
SUB 1682 C
INS 1684 T
SUB 1688 T
INS 1689 T
INS 1690 T
SUB 1692 G
SUB 1693 T
INS 1694 G
SUB 1699 C
INS 1701 G
INS 1703 G
INS 1704 C
INS 1705 G
INS 1707 A
INS 1708 A
INS 1709 A
INS 1710 A
INS 1714 T
INS 1715 G
SUB 1718 A
INS 1719 A
INS 1722 G
INS 1723 T
INS 1725 C
SUB 1727 C
SUB 1729 A
INS 1732 A
DEL 1735
INS 1736 T
DEL 1738
SUB 1741 C
SUB 1742 C
INS 1744 A
INS 1745 A
INS 1746 A
DEL 1748
INS 1751 A
SUB 1753 G
DEL 1756
SUB 1759 C
SUB 1760 C
INS 1762 G
INS 1764 C
SUB 1766 C
SUB 1768 T
SUB 1771 T
SUB 1775 G
SUB 1777 C
SUB 1778 A
SUB 1779 A
SUB 1781 A
SUB 1782 C
SUB 1784 A
SUB 1787 C
DEL 1790
DEL 1790
SUB 1792 A
SUB 1793 A
SUB 1795 A
INS 1796 A
INS 1799 A
INS 1800 A
INS 1801 G
INS 1804 G
INS 1806 C
SUB 1810 A
SUB 1811 T
SUB 1812 A
INS 1814 A
INS 1818 C
INS 1821 C
INS 1822 A
INS 1825 G
INS 1828 T
INS 1829 T
INS 1830 T
INS 1833 C
INS 1835 G
INS 1837 C
SUB 1839 G
INS 1841 T
INS 1842 T
INS 1845 C
INS 1846 C
INS 1847 C
INS 1848 T
INS 1849 A
INS 1852 T
INS 1853 C
INS 1855 G
INS 1857 A
SUB 1861 G
INS 1863 A
INS 1865 C
INS 1867 G
SUB 1870 A
INS 1874 C
INS 1876 C
INS 1877 G
SUB 1880 A
DEL 1885
DEL 1885
SUB 1888 C
INS 1890 C
INS 1893 T
INS 1894 C
INS 1895 T
SUB 1897 T
INS 1902 T
INS 1904 C
INS 1905 T
INS 1906 T
INS 1907 T
INS 1908 T
SUB 1912 G
SUB 1917 T
SUB 1918 T
SUB 1919 T
SUB 1921 G
INS 1924 C
INS 1926 C
SUB 1928 G
INS 1930 C
INS 1931 G
SUB 1933 T
INS 1935 C
INS 1936 C
INS 1937 G
INS 1938 C
INS 1939 G
SUB 1942 C
INS 1944 T
SUB 1948 C
SUB 1949 G
INS 1951 C
INS 1952 A
INS 1955 C
INS 1956 G
INS 1958 T
INS 1959 A
SUB 1965 T
INS 1966 T
INS 1967 C
INS 1969 G
INS 1972 C
INS 1973 G
INS 1974 C
INS 1975 C
INS 1977 A
INS 1979 T
INS 1980 C
INS 1982 A
INS 1984 C
SUB 1988 A
INS 1990 A
INS 1993 C
INS 1994 C
INS 1996 G
INS 1998 G
INS 2002 T
INS 2003 G
SUB 2006 T
INS 2007 T
INS 2008 G
INS 2013 G
SUB 2015 A
INS 2016 C
INS 2018 G
SUB 2021 C
INS 2022 G
INS 2024 G
SUB 2028 G
SUB 2029 G
SUB 2030 G
SUB 2031 C
SUB 2034 C
DEL 2036
SUB 2041 G
SUB 2042 G
INS 2043 G
INS 2045 A
INS 2048 T
INS 2049 G
INS 2051 G
INS 2052 T
INS 2055 T
SUB 2057 G
INS 2060 A
INS 2061 C
INS 2062 A
INS 2064 G
INS 2066 C
INS 2068 T
INS 2071 G
INS 2072 T
INS 2073 T
INS 2075 A
INS 2078 A
SUB 2080 T
INS 2084 G
INS 2086 G
SUB 2088 G
INS 2089 T
INS 2090 C
INS 2093 T
SUB 2095 G
SUB 2097 C
INS 2099 T
SUB 2101 A
SUB 2103 G
INS 2105 C
INS 2106 T
INS 2108 G
SUB 2110 T
INS 2111 A
INS 2113 A
INS 2115 A
INS 2118 A
INS 2119 T
INS 2121 G
INS 2122 T
INS 2124 C
SUB 2129 G
SUB 2133 A
SUB 2135 G
SUB 2136 A
INS 2137 G
INS 2138 G
INS 2140 A
INS 2141 A
INS 2142 G
INS 2143 A
INS 2144 A
SUB 2146 A
SUB 2147 G
INS 2148 G
SUB 2150 T
SUB 2151 T
INS 2152 G
INS 2153 T
INS 2155 A
INS 2156 G
INS 2158 T
INS 2159 T
INS 2160 A
INS 2164 A
SUB 2166 C
SUB 2167 T
INS 2170 T
INS 2173 A
DEL 2176
INS 2178 A
INS 2179 G
SUB 2181 A
INS 2183 G
SUB 2185 G
SUB 2187 G
INS 2188 A
INS 2189 G
SUB 2193 G
INS 2194 G
SUB 2196 G
SUB 2197 G
SUB 2198 G
INS 2199 A
SUB 2201 A
INS 2202 A
INS 2206 A
SUB 2208 G
DEL 2211
DEL 2212
SUB 2215 T
SUB 2217 A
INS 2218 A
SUB 2220 G
DEL 2222
SUB 2224 G
SUB 2226 G
SUB 2231 A
SUB 2233 A
INS 2235 T
SUB 2238 G
INS 2240 C
INS 2244 A
INS 2247 T
SUB 2249 T
INS 2251 C
SUB 2254 A
INS 2255 G
SUB 2259 G
SUB 2260 G
SUB 2262 A
DEL 2264
SUB 2265 A
SUB 2266 G
SUB 2267 A
SUB 2268 G
SUB 2270 G
DEL 2277
SUB 2278 G
SUB 2279 G
SUB 2280 T
SUB 2282 C
SUB 2284 G
INS 2286 T
INS 2287 T
DEL 2292
SUB 2293 A
SUB 2294 A
SUB 2295 T
SUB 2296 T
SUB 2300 T
SUB 2301 T
SUB 2302 T
DEL 2304
SUB 2306 A
INS 2308 C
SUB 2310 C
SUB 2311 T
INS 2312 T
INS 2314 A
INS 2316 T
SUB 2318 C
INS 2319 C
DEL 2322
SUB 2323 C
SUB 2324 C
INS 2325 A
SUB 2327 T
SUB 2329 A
SUB 2333 T
SUB 2334 T
INS 2336 C
INS 2337 C
SUB 2340 A
INS 2341 A
INS 2342 A
INS 2343 T
SUB 2345 A
INS 2346 C
SUB 2351 C
SUB 2353 C
INS 2355 A
SUB 2357 G
INS 2360 A
INS 2361 A
INS 2363 T
INS 2364 T
INS 2365 G
SUB 2369 G
INS 2371 T
INS 2372 T
INS 2373 G
SUB 2376 G
INS 2379 C
INS 2382 G
SUB 2384 G
INS 2386 T
DEL 2388
INS 2391 C
INS 2392 A
INS 2393 G
INS 2396 G
INS 2398 T
INS 2399 G
INS 2402 C
INS 2403 G
INS 2406 G
INS 2409 T
INS 2410 T
SUB 2412 T
SUB 2413 C
DEL 2414
INS 2416 C
INS 2418 A
INS 2419 T
INS 2421 C
SUB 2423 C
INS 2427 C
INS 2428 T
SUB 2431 T
SUB 2432 T
INS 2435 A
INS 2436 A
SUB 2438 A
INS 2442 T
SUB 2444 G
SUB 2448 G
SUB 2449 G
SUB 2450 G
INS 2453 C
INS 2455 G
INS 2456 G
INS 2458 G
INS 2459 G
INS 2462 G
INS 2463 C
INS 2464 C
SUB 2467 C
INS 2468 C
SUB 2471 C
INS 2474 T
INS 2477 G
INS 2478 G
INS 2479 C
INS 2480 C
INS 2483 A
INS 2484 T
INS 2485 A
SUB 2487 C
INS 2489 A
INS 2492 C
SUB 2494 C
INS 2495 G
INS 2498 C
SUB 2502 T
INS 2503 T
INS 2504 C
INS 2505 T
SUB 2507 G
INS 2508 G
SUB 2511 G
INS 2512 G
INS 2513 G
SUB 2518 C
SUB 2520 G
INS 2521 G
INS 2522 A
INS 2526 G
INS 2528 C
INS 2532 A
SUB 2535 T
SUB 2541 G
INS 2543 G
INS 2544 G
INS 2545 A
INS 2547 G
INS 2548 A
SUB 2551 A
SUB 2554 T
INS 2555 T
INS 2559 C
INS 2560 C
INS 2565 A
INS 2566 G
INS 2568 A
INS 2570 G
INS 2571 G
INS 2574 T
INS 2575 G
SUB 2579 G
SUB 2580 A
INS 2582 G
INS 2583 G
INS 2584 G
INS 2585 A
INS 2586 G
INS 2587 G
INS 2588 C
INS 2593 G
INS 2597 G
INS 2599 A
INS 2601 G
INS 2602 C
SUB 2605 G
SUB 2606 T
SUB 2609 G
INS 2610 C
INS 2611 A
SUB 2613 C
INS 2615 G
INS 2616 G
SUB 2619 G
INS 2620 G
INS 2623 C
INS 2624 C
DEL 2628
INS 2632 C
INS 2633 C
SUB 2637 A
SUB 2639 A
INS 2642 A
INS 2645 C
INS 2648 G
SUB 2651 T
INS 2652 T
INS 2653 T
INS 2655 G
INS 2657 T
INS 2660 A
INS 2662 C
INS 2663 T
INS 2665 A
INS 2666 T
INS 2668 A
INS 2670 T
INS 2671 C
SUB 2675 C
SUB 2676 C
SUB 2677 C
SUB 2680 A
DEL 2683
SUB 2687 G
INS 2691 C
INS 2692 G
INS 2693 C
INS 2694 G
SUB 2698 C
INS 2700 G
INS 2702 T
SUB 2704 C
SUB 2705 G
INS 2706 G
INS 2707 G
DEL 2714
INS 2716 A
INS 2718 T
INS 2720 T
INS 2724 C
SUB 2727 G
INS 2729 C
INS 2730 G
INS 2731 G
INS 2732 C
INS 2734 G
INS 2735 G
INS 2736 T
INS 2740 T
INS 2741 T
INS 2744 A
INS 2745 A
INS 2746 G
INS 2748 T
INS 2750 T
SUB 2753 C
INS 2756 A
INS 2757 C
INS 2761 A
INS 2763 A
SUB 2766 G
SUB 2769 A
INS 2770 T
INS 2772 G
INS 2774 T
INS 2775 G
INS 2776 T
INS 2777 T
INS 2779 T
INS 2780 A
INS 2781 G
INS 2783 A
INS 2787 T
INS 2789 C
SUB 2793 C
INS 2794 G
INS 2795 A
INS 2798 A
INS 2799 C
INS 2801 G
SUB 2803 C
INS 2805 G
INS 2806 C
INS 2807 G
INS 2811 C
INS 2812 G
INS 2813 A
SUB 2816 C
SUB 2818 T
SUB 2820 A
SUB 2823 C
INS 2825 A
INS 2828 A
INS 2831 A
INS 2832 T
INS 2833 A
INS 2834 T
INS 2835 A
INS 2836 T
INS 2837 A
INS 2841 G
INS 2842 A
INS 2844 G
INS 2845 T
INS 2848 A
INS 2849 A
INS 2851 A
SUB 2853 G
INS 2854 A
INS 2856 A
INS 2859 C
INS 2860 A
INS 2861 C
INS 2863 T
INS 2864 A
INS 2866 T
INS 2867 G
INS 2870 C
INS 2871 G
INS 2872 C
INS 2874 G
SUB 2876 T
SUB 2879 C
SUB 2881 G
SUB 2882 C
INS 2885 G
INS 2887 T
INS 2889 G
SUB 2892 T
SUB 2893 C
INS 2895 C
INS 2896 C
INS 2898 G
INS 2899 G
INS 2900 G
INS 2901 G
INS 2908 G
INS 2909 C
INS 2910 A
INS 2911 C
INS 2912 C
INS 2913 G
INS 2915 T
INS 2916 C
INS 2918 T
INS 2919 T
INS 2921 A
INS 2922 C
INS 2923 T
INS 2925 C
INS 2926 T
INS 2928 C
INS 2929 C
INS 2933 T
INS 2934 T
INS 2935 A
INS 2936 A
INS 2937 A
INS 2941 C
SUB 2943 T
INS 2946 C
INS 2949 T
INS 2950 C
INS 2951 C
INS 2952 T
INS 2953 T
INS 2955 A
INS 2956 C
INS 2958 C
INS 2959 C
INS 2960 A
DEL 2964
INS 2966 G
INS 2967 G
INS 2971 C
INS 2972 A
INS 2973 C
INS 2974 A
INS 2978 C
INS 2979 G
INS 2981 C
INS 2982 A
INS 2983 A
SUB 2987 C
INS 2988 C
INS 2989 T
INS 2991 T
INS 2992 T
INS 2993 T
SUB 2996 T
INS 2998 T
INS 2999 G
INS 3000 C
INS 3003 T
INS 3004 T
INS 3005 A
INS 3006 A
INS 3007 A
INS 3008 A
INS 3009 A
INS 3010 A
INS 3012 A
INS 3014 T
INS 3016 T
INS 3019 T
INS 3021 A
INS 3022 A
INS 3023 G
INS 3024 G
SUB 3027 G
INS 3028 G
SUB 3030 G
INS 3031 A
INS 3033 A
INS 3034 T
INS 3036 A
INS 3037 C
INS 3038 C
INS 3040 C
INS 3041 A
SUB 3043 C
INS 3045 A
INS 3049 A
INS 3051 G
INS 3053 G
SUB 3055 A
SUB 3056 G
INS 3059 A
INS 3060 T
INS 3061 T
INS 3062 T
INS 3064 A
SUB 3066 G
SUB 3067 G
SUB 3070 T
INS 3073 T
INS 3074 T
SUB 3076 T
INS 3077 C
INS 3078 C
INS 3079 G
INS 3080 T
INS 3082 T
INS 3084 T
INS 3087 T
INS 3088 T
INS 3089 C
INS 3091 T
INS 3095 C
INS 3096 T
INS 3100 T
INS 3101 T
INS 3104 T
INS 3105 T
INS 3106 G
INS 3108 T
INS 3110 T
INS 3112 G
INS 3113 A
INS 3114 T
INS 3115 G
INS 3116 T
INS 3117 T
INS 3119 T
INS 3125 G
SUB 3127 G
SUB 3129 C
INS 3130 T
INS 3134 T
INS 3136 T
SUB 3138 G
SUB 3139 G
SUB 3140 G
INS 3141 T
INS 3144 T
INS 3145 A
INS 3149 G
INS 3150 T
INS 3153 G
INS 3154 G
INS 3155 A
INS 3156 T
INS 3157 T
INS 3159 C
INS 3161 T
INS 3162 T
INS 3163 C
INS 3164 C
INS 3166 T
INS 3167 T
SUB 3169 T
INS 3171 A
INS 3172 T
INS 3175 T
INS 3176 A
INS 3177 A
INS 3180 T
INS 3181 C
INS 3183 G
INS 3186 A
INS 3188 G
INS 3190 T
INS 3192 A
INS 3193 G
SUB 3195 G
INS 3196 C
INS 3198 G
INS 3199 G
INS 3200 A
INS 3204 T
INS 3206 C
SUB 3208 C
INS 3209 A
INS 3210 A
INS 3212 T
INS 3217 C
INS 3219 T
INS 3221 A
INS 3222 T
INS 3224 C
INS 3225 C
INS 3226 C
INS 3228 G
INS 3229 A
INS 3233 T
INS 3234 T
SUB 3236 T
INS 3237 G
INS 3241 G
INS 3242 G
SUB 3244 C
SUB 3247 C
INS 3248 A
SUB 3252 A
SUB 3256 G
SUB 3259 T
SUB 3262 G
SUB 3263 G
SUB 3264 G
SUB 3267 T
SUB 3270 T
SUB 3272 G
DEL 3274
DEL 3274
INS 3277 G
INS 3280 C
INS 3281 C
SUB 3283 G
INS 3286 C
SUB 3289 C
SUB 3290 T
INS 3291 C
INS 3293 T
SUB 3300 T
INS 3301 G
SUB 3303 G
SUB 3304 T
SUB 3306 T
INS 3307 G
INS 3309 T
INS 3311 G
INS 3312 G
INS 3314 G
INS 3315 C
INS 3316 C
INS 3317 C
INS 3318 G
INS 3319 C
INS 3320 C
SUB 3322 A
INS 3323 A
INS 3326 C
INS 3327 T
SUB 3331 C
SUB 3334 G
DEL 3337
SUB 3339 C
INS 3340 C
INS 3343 C
INS 3344 C
INS 3345 A
INS 3346 C
INS 3347 C
INS 3350 T
INS 3352 G
SUB 3354 G
SUB 3356 C
INS 3358 G
INS 3359 G
INS 3360 C
INS 3361 C
INS 3362 G
INS 3365 T
INS 3370 T
INS 3372 G
INS 3373 A
INS 3378 G
INS 3380 A
INS 3381 C
INS 3382 C
INS 3383 A
INS 3386 G
INS 3388 T
INS 3390 C
INS 3392 G
DEL 3396
INS 3398 G
INS 3399 A
SUB 3402 C
SUB 3404 T
INS 3405 T
INS 3408 C
INS 3409 T
INS 3410 C
INS 3411 C
INS 3413 C
INS 3414 C
INS 3417 T
INS 3420 A
INS 3421 A
INS 3422 G
INS 3424 C
INS 3426 A
INS 3429 G
INS 3431 T
SUB 3433 A
INS 3436 A
SUB 3440 G
INS 3443 G
INS 3444 C
INS 3446 C
INS 3448 T
INS 3451 C
SUB 3454 T
DEL 3455
INS 3456 G
INS 3457 G
INS 3459 G
INS 3460 A
INS 3461 G
SUB 3464 C
INS 3465 C
INS 3466 C
INS 3467 T
INS 3470 C
SUB 3474 A
DEL 3475
DEL 3475
DEL 3478
SUB 3482 T
DEL 3486
INS 3489 A
INS 3492 A
INS 3494 G
INS 3496 T
INS 3497 A
INS 3498 A
DEL 3501
SUB 3504 G
INS 3505 T
INS 3507 T
INS 3508 A
INS 3510 T
SUB 3513 A
INS 3516 T
INS 3517 A
INS 3518 C
INS 3519 C
INS 3522 C
INS 3523 A
INS 3524 A
SUB 3526 T
INS 3528 A
INS 3530 A
INS 3531 A
INS 3535 G
INS 3536 C
INS 3537 C
SUB 3541 C
INS 3543 T
INS 3544 C
INS 3545 T
INS 3546 C
INS 3548 T
SUB 3551 A
INS 3553 A
INS 3554 A
INS 3555 A
INS 3557 T
INS 3562 G
INS 3563 G
INS 3564 G
INS 3566 C
INS 3568 G
INS 3569 T
INS 3570 T
INS 3571 T
INS 3572 G
INS 3577 T
INS 3578 T
INS 3579 T
INS 3580 C
INS 3581 A
INS 3582 C
INS 3583 T
INS 3586 T
INS 3587 T
INS 3590 A
INS 3591 A
INS 3593 A
INS 3594 A
INS 3595 A
INS 3596 G
INS 3597 T
INS 3600 G
INS 3601 C
INS 3602 A
INS 3603 G
INS 3605 T
INS 3607 C
INS 3608 C
INS 3609 C
INS 3611 T
INS 3613 A
INS 3614 A
INS 3619 G
INS 3620 A
SUB 3622 T
INS 3623 A
SUB 3626 T
SUB 3627 A
SUB 3631 A
SUB 3632 A
DEL 3637
INS 3638 C
INS 3639 A
INS 3640 A
INS 3641 C
INS 3643 G
INS 3644 G
INS 3648 A
INS 3650 C
INS 3651 A
SUB 3655 C
SUB 3657 G
INS 3658 C
INS 3659 C
INS 3661 C
SUB 3664 A
INS 3667 A
INS 3668 C
SUB 3670 G
SUB 3671 G
SUB 3673 C
SUB 3678 A
INS 3679 A
INS 3680 A
INS 3683 C
INS 3684 C
INS 3685 A
INS 3690 A
INS 3691 C
INS 3692 G
INS 3693 C
INS 3694 A
INS 3695 A
INS 3697 C
INS 3698 A
INS 3699 G
INS 3703 A
SUB 3705 T
INS 3706 G
INS 3708 A
INS 3709 A
INS 3710 G
INS 3711 C
INS 3715 T
INS 3716 G
INS 3718 A
INS 3719 T
SUB 3723 T
INS 3724 G
INS 3725 G
INS 3726 G
INS 3727 G
SUB 3730 T
SUB 3731 G
SUB 3732 G
INS 3736 G
SUB 3740 C
INS 3741 A
INS 3743 A
INS 3745 G
INS 3746 C
INS 3747 G
INS 3750 G
INS 3751 G
INS 3754 C
INS 3755 C
INS 3758 G
INS 3761 A
INS 3762 A
INS 3763 G
INS 3764 A
INS 3765 G
INS 3766 G
INS 3770 G
SUB 3772 T
INS 3773 T
INS 3774 T
INS 3775 T
SUB 3777 T
INS 3779 C
INS 3780 A
INS 3782 T
INS 3788 A
SUB 3791 G
INS 3795 G
SUB 3798 C
INS 3799 C
INS 3804 T
SUB 3806 T
INS 3807 T
SUB 3811 T
INS 3812 C
INS 3813 A
INS 3816 T
INS 3817 T
INS 3821 C
SUB 3825 T
INS 3826 G
INS 3827 G
SUB 3831 A
SUB 3832 G
SUB 3834 C
SUB 3837 T
SUB 3839 T
INS 3840 A
SUB 3842 T
SUB 3843 T
INS 3845 T
INS 3846 T
INS 3848 T
INS 3849 T
INS 3850 G
INS 3851 G
INS 3855 A
INS 3858 C
INS 3860 C
INS 3861 T
SUB 3867 T
SUB 3869 A
SUB 3871 A
SUB 3872 A
INS 3873 A
INS 3874 T
INS 3875 T
INS 3876 T
INS 3877 A
SUB 3881 A
INS 3882 A
SUB 3885 C
DEL 3887
SUB 3888 T
SUB 3895 A
SUB 3896 A
SUB 3897 A
SUB 3900 A
SUB 3901 A
SUB 3904 C
INS 3905 T
INS 3907 T
INS 3908 T
SUB 3912 A
SUB 3915 T
INS 3916 T
INS 3918 C
INS 3919 G
INS 3926 G
INS 3927 C
INS 3928 C
INS 3929 C
INS 3931 A
INS 3932 T
INS 3933 T
INS 3934 C
SUB 3939 T
INS 3941 A
INS 3942 G
INS 3945 G
SUB 3948 T
SUB 3956 G
INS 3959 T
INS 3960 T
INS 3962 C
INS 3964 G
INS 3965 G
INS 3966 T
INS 3967 A
INS 3968 A
INS 3969 A
INS 3970 G
INS 3972 C
INS 3973 T
INS 3975 A
INS 3976 A
INS 3979 T
INS 3980 C
INS 3981 T
INS 3983 C
SUB 3985 C
INS 3991 C
SUB 3993 C
INS 3996 T
SUB 3998 C
SUB 4000 A
SUB 4001 C
SUB 4004 A
SUB 4005 A
SUB 4006 G
INS 4007 A
INS 4008 A
SUB 4011 T
SUB 4017 C
SUB 4020 A
INS 4021 A
SUB 4023 A
INS 4026 G
SUB 4031 A
DEL 4032
SUB 4034 T
INS 4035 T
INS 4037 T
SUB 4041 A
SUB 4042 A
SUB 4043 G
INS 4044 A
INS 4047 G
INS 4051 G
INS 4052 A
INS 4053 A
SUB 4056 C
INS 4058 G
INS 4059 T
INS 4061 T
INS 4063 G
INS 4066 A
SUB 4068 G
INS 4071 A
SUB 4073 G
SUB 4074 T
INS 4075 G
DEL 4077
INS 4078 T
SUB 4081 A
INS 4082 T
INS 4085 G
SUB 4088 T
INS 4090 G
INS 4092 A
INS 4096 A
INS 4097 A
SUB 4099 T
SUB 4102 C
SUB 4103 T
SUB 4105 T
INS 4106 C
INS 4107 T
INS 4108 T
INS 4109 C
INS 4111 T
INS 4114 T
INS 4115 T
SUB 4117 T
SUB 4119 T
INS 4121 T
DEL 4123
SUB 4128 T
SUB 4129 T
SUB 4130 T
INS 4132 G
SUB 4134 A
INS 4135 C
DEL 4139
INS 4140 A
SUB 4142 T
INS 4146 G
INS 4147 A
INS 4152 G
INS 4153 C
SUB 4155 G
INS 4156 C
INS 4157 G
INS 4159 G
INS 4160 G
INS 4164 G
INS 4165 T
INS 4166 T
INS 4167 T
INS 4171 T
SUB 4174 C
SUB 4175 T
SUB 4178 A
INS 4182 A
INS 4183 T
INS 4187 A
INS 4188 G
SUB 4191 G
INS 4192 G
INS 4195 T
INS 4196 G
INS 4197 T
SUB 4199 T
SUB 4201 G
DEL 4206
DEL 4208
INS 4213 A
INS 4216 C
SUB 4218 T
INS 4220 T
SUB 4222 G
SUB 4225 T
INS 4226 T
SUB 4228 T
SUB 4230 C
INS 4231 C
SUB 4233 T
SUB 4234 T
SUB 4236 T
SUB 4237 A
SUB 4240 C
INS 4242 C
INS 4244 T
INS 4245 T
INS 4247 C
INS 4248 T
INS 4252 T
INS 4253 A
INS 4254 A
INS 4255 T
INS 4257 C
INS 4258 G
INS 4260 G
INS 4261 T
SUB 4266 C
SUB 4268 A
INS 4269 C
INS 4270 A
INS 4272 T
INS 4273 T
SUB 4275 T
SUB 4276 A
DEL 4277
SUB 4279 C
INS 4280 A
INS 4281 A
INS 4284 T
INS 4285 T
SUB 4287 G
SUB 4289 A
SUB 4292 A
INS 4293 T
SUB 4295 T
INS 4297 G
INS 4301 C
INS 4302 G
INS 4303 G
DEL 4306
DEL 4309
SUB 4310 G
SUB 4316 C
SUB 4317 A
SUB 4318 A
INS 4319 A
SUB 4321 A
SUB 4323 A
SUB 4325 A
INS 4327 C
SUB 4329 A
INS 4333 C
INS 4334 G
SUB 4336 A
INS 4337 G
INS 4338 G
DEL 4340
DEL 4343
INS 4346 A
SUB 4348 A
SUB 4349 A
SUB 4351 A
INS 4355 A
SUB 4358 G
INS 4359 T
SUB 4363 G
SUB 4364 G
SUB 4365 G
SUB 4367 G
SUB 4368 T
SUB 4370 G
SUB 4372 A
SUB 4374 G
INS 4376 G
SUB 4378 T
INS 4379 A
INS 4380 A
INS 4381 A
SUB 4384 C
DEL 4386
INS 4389 G
INS 4390 C
SUB 4394 A
SUB 4397 A
SUB 4398 A
SUB 4400 A
INS 4401 T
SUB 4404 G
INS 4407 T
INS 4409 A
INS 4411 T
SUB 4414 C
SUB 4415 A
DEL 4418
INS 4419 C
INS 4422 G
INS 4424 G
INS 4425 C
INS 4426 G
INS 4427 A
INS 4431 G
SUB 4433 T
SUB 4434 G
SUB 4440 C
INS 4443 T
SUB 4446 T
SUB 4448 T
SUB 4449 A
INS 4451 A
SUB 4453 T
SUB 4454 T
INS 4458 C
INS 4462 G
SUB 4464 A
INS 4466 G
INS 4468 T
INS 4469 G
SUB 4472 C
SUB 4474 A
DEL 4475
SUB 4476 A
INS 4478 T
INS 4481 T
INS 4485 C
DEL 4487
SUB 4489 G
INS 4491 C
SUB 4495 T
SUB 4496 T
INS 4497 C
INS 4498 C
SUB 4502 A
INS 4504 C
SUB 4506 G
INS 4510 G
SUB 4513 T
SUB 4514 C
DEL 4516
SUB 4520 C
SUB 4521 G
INS 4522 G
SUB 4525 G
INS 4527 C
INS 4531 G
INS 4532 G
SUB 4536 C
DEL 4538
SUB 4540 T
DEL 4541
INS 4545 C
INS 4548 A
INS 4550 C
INS 4552 G
INS 4553 G
INS 4556 A
INS 4559 G
INS 4560 T
INS 4565 G
INS 4566 C
SUB 4568 C
INS 4570 A
SUB 4572 G
INS 4575 T
INS 4577 T
SUB 4579 T
INS 4580 A
INS 4581 G
SUB 4583 A
SUB 4584 A
INS 4589 A
SUB 4591 A
INS 4593 G
INS 4594 T
SUB 4598 C
DEL 4599
DEL 4599
INS 4604 T
INS 4605 T
SUB 4608 T
INS 4609 T
INS 4610 T
SUB 4613 G
SUB 4614 T
INS 4616 T
SUB 4619 C
SUB 4622 G
SUB 4624 C
DEL 4625
SUB 4628 C
SUB 4630 C
INS 4632 C
INS 4633 A
SUB 4638 C
SUB 4639 G
SUB 4640 C
DEL 4642
INS 4643 G
SUB 4645 G
SUB 4646 G
SUB 4648 C
SUB 4650 A
SUB 4651 G
SUB 4654 G
SUB 4655 G
INS 4656 T
SUB 4661 G
INS 4662 T
INS 4663 T
SUB 4665 C
INS 4667 G
SUB 4670 G
SUB 4673 A
INS 4674 C
INS 4677 T
INS 4678 C
INS 4679 A
INS 4683 G
SUB 4685 A
INS 4686 A
SUB 4689 A
INS 4692 G
INS 4694 A
SUB 4696 C
DEL 4698
INS 4699 T
INS 4703 T
INS 4705 C
SUB 4707 G
DEL 4709
SUB 4710 G
SUB 4711 T
SUB 4713 G
SUB 4714 G
INS 4716 T
INS 4721 A
SUB 4723 T
SUB 4725 G
SUB 4728 C
SUB 4730 G
INS 4731 C
INS 4733 T
DEL 4735
SUB 4737 C
DEL 4739
DEL 4739
INS 4741 T
INS 4742 T
INS 4746 A
SUB 4748 A
INS 4749 T
INS 4750 A
INS 4751 A
INS 4754 C
INS 4755 G
INS 4758 T
INS 4759 T
INS 4761 G
INS 4762 G
INS 4767 T
INS 4768 A
INS 4769 A
INS 4770 A
INS 4771 A
INS 4773 A
SUB 4776 G
INS 4780 G
INS 4783 A
INS 4784 G
INS 4787 A
SUB 4789 C
INS 4791 C
INS 4792 G
INS 4794 G
INS 4796 T
INS 4797 C
INS 4798 T
INS 4803 T
INS 4806 C
INS 4808 A
DEL 4810
SUB 4811 C
INS 4813 T
INS 4814 T
DEL 4818
INS 4819 C
INS 4821 C
SUB 4824 G
INS 4826 A
SUB 4828 G
INS 4829 C
INS 4832 C
SUB 4834 C
SUB 4836 T
SUB 4837 T
INS 4839 C
INS 4840 C
INS 4842 T
INS 4843 C
INS 4844 C
INS 4845 C
INS 4847 C
SUB 4849 C
INS 4851 T
INS 4853 A
SUB 4855 T
INS 4856 A
INS 4859 G
INS 4864 C
SUB 4867 A
SUB 4868 A
SUB 4870 C
SUB 4871 C
INS 4873 C
INS 4877 A
INS 4879 T
INS 4881 G
SUB 4883 A
INS 4885 C
SUB 4887 C
SUB 4889 G
SUB 4891 G
SUB 4894 C
SUB 4896 G
SUB 4898 G
SUB 4899 T
INS 4900 G
INS 4904 T
SUB 4906 G
SUB 4907 A
SUB 4909 G
SUB 4911 C
INS 4913 C
SUB 4915 G
DEL 4917
SUB 4918 T
SUB 4920 T
DEL 4923
SUB 4925 C
SUB 4927 T
SUB 4929 A
SUB 4931 A
INS 4932 T
SUB 4935 T
INS 4937 T
INS 4939 G
INS 4944 A
SUB 4948 T
INS 4949 T
INS 4950 T
INS 4951 T
SUB 4954 C
SUB 4955 C
SUB 4956 G
INS 4957 T
INS 4961 A
SUB 4963 C
INS 4964 C
INS 4965 C
INS 4966 C
INS 4967 T
INS 4969 C
INS 4971 G
INS 4973 C
INS 4976 A
INS 4980 C
INS 4982 A
SUB 4984 G
INS 4986 C
INS 4988 C
INS 4991 A
INS 4993 G
INS 4994 G
INS 4996 C
INS 4998 A
INS 4999 C
INS 5000 C
INS 5001 G
INS 5003 G
INS 5004 G
INS 5005 A
INS 5006 A
INS 5007 G
INS 5008 C
INS 5009 C
INS 5010 G
INS 5012 G
INS 5013 G
INS 5014 G
SUB 5016 G
INS 5019 C
INS 5020 G
INS 5022 A
INS 5026 G
INS 5028 C
INS 5029 T
INS 5030 T
INS 5033 A
SUB 5035 A
INS 5036 G
INS 5038 G
INS 5039 C
INS 5040 C
INS 5042 T
INS 5048 A
INS 5049 A
INS 5050 G
INS 5051 C
SUB 5056 A
SUB 5057 T
INS 5058 T
INS 5060 A
INS 5061 T
INS 5064 C
SUB 5066 T
INS 5068 A
INS 5069 A
INS 5075 C
INS 5076 C
INS 5078 G
INS 5079 C
SUB 5082 T
SUB 5083 G
INS 5084 G
SUB 5086 C
INS 5090 C
INS 5094 G
SUB 5098 A
INS 5100 G
SUB 5102 A
SUB 5103 T
SUB 5105 T
SUB 5108 G
DEL 5111
SUB 5113 G
SUB 5114 G
INS 5116 G
INS 5117 A
SUB 5119 A
SUB 5121 G
SUB 5122 C
SUB 5123 G
INS 5125 T
SUB 5129 C
DEL 5130
INS 5131 C
INS 5132 C
INS 5134 A
INS 5135 C
SUB 5138 C
INS 5139 A
INS 5140 A
SUB 5143 A
SUB 5146 C
INS 5147 C
INS 5150 G
INS 5151 G
INS 5153 C
INS 5155 A
INS 5156 T
INS 5157 C
INS 5159 C
INS 5162 G
INS 5165 C
INS 5167 C
INS 5170 G
INS 5171 C
INS 5172 A
INS 5175 T
INS 5176 A
DEL 5178
INS 5181 A
INS 5182 C
INS 5183 C
INS 5186 A
INS 5187 A
SUB 5190 C
SUB 5192 C
SUB 5193 C
SUB 5196 A
INS 5197 A
DEL 5201
SUB 5203 A
INS 5206 T
INS 5207 A
INS 5209 T
INS 5210 T
SUB 5214 C
DEL 5216
INS 5217 C
INS 5219 T
INS 5220 T
SUB 5226 T
INS 5228 C
INS 5229 C
INS 5232 C
SUB 5234 G
INS 5235 C
SUB 5237 G
DEL 5238
SUB 5240 G
SUB 5241 G
INS 5242 T
INS 5245 A
INS 5248 A
INS 5249 G
SUB 5253 G
INS 5254 G
INS 5256 G
INS 5259 G
INS 5261 C
SUB 5265 T
SUB 5269 C
INS 5270 A
INS 5271 A
INS 5272 A
SUB 5274 C
INS 5275 G
INS 5277 G
INS 5278 G
INS 5279 C
INS 5280 C
INS 5281 C
INS 5282 T
SUB 5287 T
DEL 5289
SUB 5291 G
SUB 5292 G
SUB 5293 G
SUB 5295 G
SUB 5297 C
SUB 5298 C
INS 5299 G
INS 5300 G
INS 5302 G
INS 5303 G
INS 5306 G
DEL 5310
INS 5311 C
DEL 5315
DEL 5317
INS 5318 C
INS 5321 A
SUB 5324 A
SUB 5326 A
INS 5327 A
INS 5328 A
SUB 5331 C
INS 5332 C
INS 5334 T
SUB 5336 G
SUB 5337 C
INS 5339 C
INS 5341 G
INS 5342 C
SUB 5344 C
SUB 5346 C
INS 5347 A
INS 5349 C
SUB 5352 C
DEL 5354
SUB 5355 C
SUB 5357 C
DEL 5362
DEL 5362
INS 5364 A
INS 5365 A
INS 5366 G
INS 5367 G
SUB 5369 A
INS 5370 A
INS 5374 C
INS 5377 T
INS 5378 C
INS 5381 C
INS 5384 A
INS 5385 C
INS 5386 C
INS 5387 A
INS 5390 C
INS 5392 A
INS 5393 G
SUB 5398 A
INS 5399 C
INS 5400 C
INS 5401 C
INS 5403 C
INS 5404 T
INS 5407 C
INS 5408 T
SUB 5411 C
SUB 5412 C
SUB 5413 T
SUB 5415 T
INS 5417 T
INS 5420 A
INS 5422 G
SUB 5426 T
SUB 5427 T
SUB 5429 G
DEL 5430
INS 5434 G
SUB 5436 A
SUB 5438 G
SUB 5439 G
INS 5441 G
INS 5444 T
INS 5446 A
INS 5447 A
INS 5448 C
INS 5450 A
SUB 5452 C
INS 5454 C
INS 5455 G
INS 5456 G
SUB 5460 T
INS 5464 T
INS 5465 T
SUB 5467 G
SUB 5468 G
INS 5470 G
INS 5471 G
SUB 5474 T
SUB 5476 G
DEL 5477
SUB 5480 A
INS 5483 G
SUB 5485 G
SUB 5486 G
INS 5488 A
INS 5489 A
SUB 5492 A
SUB 5494 C
SUB 5504 C
INS 5505 A
INS 5509 C
INS 5510 C
INS 5512 G
INS 5514 A
INS 5517 T
INS 5518 T
INS 5519 T
INS 5520 A
INS 5521 T
INS 5523 G
INS 5525 A
INS 5526 T
INS 5527 A
INS 5528 T
INS 5530 T
INS 5531 T
SUB 5533 T
INS 5535 C
INS 5537 T
SUB 5539 A
INS 5540 T
INS 5542 T
SUB 5545 C
SUB 5546 C
DEL 5549
SUB 5551 T
SUB 5552 T
INS 5554 C
INS 5556 C
INS 5561 A
INS 5562 G
SUB 5566 G
DEL 5567
INS 5569 A
INS 5572 A
INS 5574 G
INS 5576 T
INS 5578 T
INS 5580 T
INS 5582 T
INS 5583 A
INS 5584 A
INS 5585 T
INS 5586 A
SUB 5589 G
INS 5591 G
INS 5593 T
SUB 5596 A
SUB 5597 C
DEL 5600
SUB 5602 T
SUB 5604 C
SUB 5607 A
INS 5610 T
INS 5611 T
SUB 5615 C
SUB 5618 A
INS 5619 A
INS 5620 T
INS 5624 G
INS 5626 T
INS 5628 T
INS 5629 C
INS 5630 C
INS 5632 G
INS 5633 A
SUB 5637 G
SUB 5638 T
SUB 5639 G
INS 5640 G
INS 5641 G
INS 5643 G
INS 5644 A
INS 5649 T
INS 5650 G
INS 5653 C
INS 5656 T
INS 5659 T
INS 5661 G
INS 5663 A
INS 5665 A
SUB 5668 A
INS 5669 A
INS 5670 C
INS 5671 A
INS 5672 C
INS 5673 A
INS 5676 C
INS 5678 C
INS 5679 T
INS 5680 C
INS 5682 A
INS 5684 A
INS 5690 T
INS 5691 G
SUB 5696 A
INS 5697 G
INS 5698 C
INS 5699 C
INS 5700 G
INS 5702 C
INS 5703 C
SUB 5706 A
SUB 5707 A
SUB 5708 A
INS 5711 T
INS 5712 T
INS 5716 A
SUB 5718 C
SUB 5720 T
SUB 5721 C
SUB 5722 C
INS 5725 G
SUB 5729 G
INS 5730 G
INS 5731 A
INS 5733 G
INS 5734 C
INS 5736 A
SUB 5739 T
SUB 5741 G
INS 5744 G
SUB 5748 G
INS 5750 G
INS 5751 C
INS 5753 T
INS 5756 G
INS 5758 A
INS 5759 T
INS 5760 T
INS 5761 T
INS 5762 T
SUB 5765 T
INS 5766 T
INS 5767 T
INS 5770 T
SUB 5772 A
INS 5775 A
INS 5776 C
SUB 5778 A
SUB 5779 C
INS 5780 T
INS 5781 C
INS 5784 C
INS 5787 G
INS 5789 C
INS 5790 A
INS 5793 A
INS 5794 G
SUB 5796 A
INS 5801 G
INS 5805 T
INS 5806 T
INS 5807 C
INS 5808 A
INS 5810 G
INS 5816 A
INS 5817 A
INS 5820 A
SUB 5822 C
SUB 5824 C
DEL 5825
SUB 5826 G
INS 5827 G
INS 5828 A
SUB 5832 G
INS 5833 G
INS 5834 A
INS 5835 A
INS 5838 G
INS 5840 A
INS 5842 T
INS 5844 C
INS 5845 G
INS 5846 C
INS 5850 C
INS 5853 T
INS 5854 T
SUB 5856 C
INS 5859 G
INS 5860 G
INS 5861 G
SUB 5863 C
INS 5864 C
INS 5865 G
SUB 5868 T
SUB 5869 C
INS 5870 C
INS 5877 G
INS 5878 T
INS 5880 T
INS 5881 C
INS 5882 C
SUB 5885 G
INS 5886 C
SUB 5890 C
SUB 5892 A
INS 5894 C
INS 5897 G
SUB 5899 T
SUB 5900 T
SUB 5902 G
INS 5903 T
INS 5904 T
INS 5908 A
SUB 5911 T
INS 5912 A
INS 5916 A
SUB 5918 T
SUB 5920 G
SUB 5921 T
INS 5924 T
INS 5925 A
INS 5926 A
DEL 5928
INS 5932 G
INS 5933 G
SUB 5935 T
INS 5936 G
INS 5938 G
INS 5941 T
INS 5942 T
SUB 5945 A
SUB 5947 T
INS 5949 G
SUB 5952 T
SUB 5954 A
SUB 5955 C
SUB 5956 T
INS 5958 A
INS 5960 T
INS 5962 A
INS 5963 A
INS 5966 T
INS 5967 A
INS 5970 A
SUB 5974 G
SUB 5975 A
INS 5976 T
SUB 5978 A
SUB 5980 A
INS 5982 C
INS 5983 C
INS 5985 T
SUB 5990 T
SUB 5991 T
SUB 5992 T
INS 5993 T
DEL 5996
INS 5998 C
INS 5999 C
SUB 6002 G
INS 6006 A
SUB 6008 A
DEL 6009
SUB 6010 C
SUB 6013 C
INS 6016 G
INS 6017 T
INS 6018 G
SUB 6021 A
INS 6022 T
INS 6023 A
INS 6024 A
INS 6025 A
INS 6029 C
INS 6031 G
SUB 6034 A
SUB 6035 T
SUB 6039 A
INS 6040 G
INS 6041 C
INS 6045 A
INS 6046 C
SUB 6048 G
SUB 6050 T
INS 6051 T
SUB 6053 G
INS 6056 A
INS 6059 G
SUB 6062 C
SUB 6064 G
SUB 6066 A
INS 6067 G
INS 6068 C
INS 6069 C
SUB 6075 C
DEL 6077
INS 6079 G
SUB 6081 G
SUB 6082 C
INS 6083 C
SUB 6087 T
SUB 6088 A
INS 6093 G
INS 6095 A
SUB 6098 G
SUB 6101 C
INS 6102 A
SUB 6105 C
SUB 6106 G
SUB 6107 C
DEL 6110
SUB 6113 T
INS 6115 A
INS 6116 G
SUB 6118 C
INS 6121 T
INS 6124 T
INS 6126 A
SUB 6128 C
INS 6130 A
INS 6132 C
INS 6135 T
INS 6136 A
SUB 6138 G
INS 6139 A
INS 6140 G
INS 6142 C
INS 6145 T
SUB 6148 C
INS 6152 A
INS 6154 A
SUB 6156 G
INS 6157 G
INS 6158 T
SUB 6161 T
SUB 6163 A
SUB 6166 G
INS 6167 G
INS 6168 G
INS 6169 T
INS 6172 C
SUB 6174 T
INS 6177 G
SUB 6181 G
INS 6182 T
SUB 6185 T
SUB 6188 T
INS 6189 C
SUB 6192 A
SUB 6193 A
SUB 6196 G
INS 6197 G
INS 6198 T
DEL 6201
SUB 6203 G
SUB 6205 T
SUB 6206 C
SUB 6207 C
SUB 6210 T
SUB 6211 G
DEL 6212
SUB 6217 G
SUB 6219 G
DEL 6220
DEL 6224
INS 6227 G
INS 6229 G
INS 6230 G
INS 6231 G
SUB 6233 G
INS 6234 G
INS 6236 G
INS 6237 T
INS 6239 C
SUB 6243 C
DEL 6249
INS 6250 A
INS 6251 A
INS 6253 G
SUB 6256 G
SUB 6258 C
SUB 6259 A
DEL 6260
SUB 6263 A
SUB 6264 A
SUB 6265 G
SUB 6268 T
SUB 6269 T
SUB 6271 T
INS 6275 T
INS 6278 A
INS 6279 C
SUB 6281 G
INS 6282 G
INS 6288 A
SUB 6292 G
INS 6293 C
INS 6294 C
INS 6297 A
INS 6298 A
INS 6300 A
SUB 6303 G
SUB 6304 C
INS 6306 A
INS 6308 G
INS 6311 T
INS 6312 T
INS 6313 A
INS 6315 C
SUB 6320 C
INS 6322 T
INS 6323 T
SUB 6328 G
INS 6329 A
INS 6334 A
SUB 6336 T
INS 6337 T
INS 6338 T
INS 6339 T
INS 6341 T
INS 6342 G
INS 6343 T
SUB 6345 T
INS 6347 C
INS 6349 C
INS 6351 A
SUB 6353 A
INS 6354 A
INS 6355 C
INS 6356 G
INS 6360 C
INS 6361 A
INS 6362 G
INS 6363 A
INS 6365 G
INS 6367 G
INS 6369 T
SUB 6372 A
INS 6373 A
SUB 6378 T
INS 6379 T
INS 6381 C
SUB 6383 C
DEL 6385
SUB 6387 G
SUB 6389 G
SUB 6394 A
SUB 6395 T
SUB 6397 C
INS 6399 G
DEL 6404
DEL 6406
SUB 6408 G
SUB 6413 G
INS 6414 G
INS 6415 G
INS 6416 G
INS 6417 C
INS 6418 C
INS 6421 G
INS 6425 A
INS 6426 T
INS 6427 A
INS 6428 G
INS 6430 C
INS 6432 T
INS 6434 G
INS 6436 A
INS 6439 T
INS 6440 G
INS 6441 A
INS 6444 G
INS 6446 G
INS 6448 T
INS 6449 A
INS 6450 T
INS 6452 T
INS 6455 C
INS 6456 T
INS 6458 G
INS 6460 G
INS 6461 A
INS 6462 G
INS 6463 C
INS 6464 A
INS 6466 C
DEL 6471
SUB 6473 A
INS 6474 T
INS 6477 G
INS 6478 G
INS 6481 A
INS 6482 C
SUB 6485 A
INS 6486 G
INS 6488 T
SUB 6491 T
SUB 6493 C
SUB 6494 T
INS 6497 T
INS 6498 G
INS 6499 T
INS 6500 T
INS 6501 T
SUB 6503 T
SUB 6505 T
INS 6506 A
INS 6508 A
INS 6509 G
INS 6511 G
INS 6512 T
INS 6515 A
INS 6517 T
SUB 6519 T
INS 6521 C
INS 6522 A
INS 6524 A
INS 6525 A
INS 6527 G
INS 6529 C
INS 6531 G
INS 6532 T
INS 6534 G
SUB 6539 A
SUB 6540 C
SUB 6541 G
INS 6543 T
SUB 6545 T
SUB 6546 T
INS 6548 G
INS 6550 G
INS 6551 G
SUB 6553 T
INS 6557 A
INS 6560 T
SUB 6562 C
INS 6564 G
INS 6565 C
INS 6566 G
INS 6567 C
INS 6568 C
SUB 6570 T
INS 6573 A
INS 6575 G
SUB 6577 C
INS 6578 C
INS 6579 C
INS 6580 T
INS 6582 A
INS 6585 A
SUB 6590 G
SUB 6591 A
INS 6593 G
INS 6594 A
INS 6595 G
INS 6596 A
INS 6598 G
INS 6602 C
INS 6603 G
INS 6604 T
INS 6605 C
INS 6606 G
INS 6610 T
INS 6611 C
INS 6612 G
INS 6614 T
INS 6615 C
INS 6616 A
INS 6618 A
INS 6619 G
INS 6621 T
INS 6625 C
INS 6627 C
INS 6629 C
INS 6630 G
SUB 6632 A
SUB 6634 A
INS 6635 A
SUB 6637 A
SUB 6639 T
SUB 6642 A
INS 6644 A
INS 6645 A
INS 6648 A
INS 6649 T
INS 6650 T
SUB 6654 C
SUB 6656 T
SUB 6657 C
SUB 6661 G
SUB 6664 T
INS 6667 A
SUB 6669 A
SUB 6670 C
INS 6671 A
SUB 6673 A
INS 6674 A
DEL 6678
SUB 6682 C
INS 6685 C
INS 6686 C
INS 6687 C
INS 6688 C
INS 6690 G
SUB 6692 C
SUB 6693 C
SUB 6695 A
SUB 6696 C
DEL 6698
INS 6701 A
SUB 6704 G
SUB 6707 C
INS 6708 G
SUB 6710 T
SUB 6712 A
INS 6713 C
INS 6717 C
INS 6719 G
SUB 6723 A
INS 6724 G
INS 6725 A
INS 6726 G
INS 6727 A
INS 6728 A
SUB 6733 T
SUB 6736 A
INS 6738 C
INS 6740 T
INS 6741 T
INS 6744 T
INS 6745 A
INS 6747 T
SUB 6753 G
SUB 6755 A
INS 6756 A
SUB 6758 T
SUB 6762 T
SUB 6764 C
INS 6766 C
INS 6769 G
SUB 6772 C
INS 6775 G
SUB 6778 G
SUB 6780 C
SUB 6781 A
SUB 6784 G
INS 6787 T
SUB 6789 T
INS 6790 C
INS 6793 G
SUB 6796 T
INS 6798 C
INS 6799 A
INS 6801 T
INS 6802 T
INS 6804 C
INS 6805 G
INS 6807 G
SUB 6810 G
DEL 6811
INS 6814 C
SUB 6818 T
INS 6819 T
INS 6820 C
SUB 6822 G
INS 6826 G
INS 6827 G
SUB 6829 T
INS 6832 T
DEL 6834
SUB 6835 A
SUB 6839 A
SUB 6840 C
INS 6841 A
INS 6843 C
INS 6844 A
INS 6847 G
INS 6849 A
INS 6851 C
INS 6852 A
INS 6854 G
INS 6855 A
SUB 6859 T
INS 6860 T
INS 6861 T
INS 6862 A
INS 6863 A
SUB 6868 G
SUB 6869 G
SUB 6873 T
SUB 6875 T
DEL 6876
DEL 6876
SUB 6879 T
DEL 6880
SUB 6883 G
SUB 6884 T
SUB 6885 T
SUB 6887 C
INS 6890 G
INS 6891 A
INS 6892 G
INS 6896 C
INS 6898 C
DEL 6900
SUB 6901 C
SUB 6903 G
INS 6904 G
SUB 6909 T
INS 6911 G
SUB 6915 T
DEL 6916
SUB 6917 A
SUB 6920 A
SUB 6921 A
SUB 6922 C
SUB 6923 C
SUB 6924 C
SUB 6925 A
DEL 6927
INS 6929 C
INS 6930 G
INS 6931 G
INS 6933 G
SUB 6936 G
INS 6937 G
INS 6939 G
INS 6941 C
INS 6943 A
SUB 6945 C
SUB 6948 G
INS 6950 C
INS 6951 G
INS 6955 C
INS 6956 C
SUB 6959 G
INS 6960 A
INS 6963 C
INS 6969 A
INS 6970 G
INS 6972 G
SUB 6974 T
INS 6977 T
INS 6978 A
INS 6979 T
INS 6980 T
SUB 6982 T
SUB 6984 G
INS 6985 G
SUB 6987 T
INS 6988 G
INS 6989 G
INS 6990 C
INS 6992 C
INS 6993 C
SUB 6995 T
SUB 6997 G
SUB 7000 A
SUB 7003 C
INS 7004 C
INS 7005 G
INS 7006 T
INS 7009 T
INS 7011 G
INS 7013 C
INS 7014 G
INS 7016 T
SUB 7019 C
INS 7020 T
INS 7022 T
SUB 7029 A
DEL 7032
SUB 7033 A
SUB 7035 T
INS 7036 T
SUB 7040 T
INS 7042 A
SUB 7044 G
SUB 7047 C
INS 7048 G
INS 7051 T
INS 7053 A
SUB 7057 T
SUB 7060 T
SUB 7061 T
INS 7063 C
INS 7064 C
INS 7066 C
INS 7067 C
INS 7068 C
INS 7069 G
INS 7072 G
SUB 7074 A
INS 7075 T
INS 7077 T
INS 7078 G
INS 7081 C
INS 7084 A
SUB 7086 T
INS 7089 G
INS 7090 A
INS 7092 T
INS 7093 A
INS 7094 A
INS 7095 C
DEL 7100
SUB 7102 T
INS 7104 G
INS 7105 C
INS 7106 C
INS 7107 T
INS 7110 A
SUB 7112 C
SUB 7115 C
DEL 7116
INS 7119 A
INS 7120 C
SUB 7122 A
INS 7123 C
INS 7125 G
INS 7126 C
INS 7131 A
INS 7132 C
SUB 7134 G
INS 7135 G
SUB 7138 G
INS 7141 G
SUB 7144 A
SUB 7145 A
SUB 7146 C
DEL 7147
INS 7150 G
SUB 7152 C
INS 7153 A
SUB 7155 C
SUB 7156 C
DEL 7158
SUB 7159 C
INS 7160 T
SUB 7163 A
SUB 7166 C
DEL 7168
SUB 7170 C
SUB 7171 T
SUB 7172 C
SUB 7174 A
SUB 7175 C
INS 7176 C
SUB 7179 A
SUB 7182 C
INS 7186 T
SUB 7188 C
SUB 7190 A
SUB 7191 C
SUB 7193 G
SUB 7195 C
INS 7199 C
INS 7200 A
SUB 7204 T
DEL 7206
SUB 7208 T
SUB 7209 A
DEL 7210
SUB 7213 C
SUB 7214 G
INS 7215 G
INS 7219 T
INS 7221 C
INS 7222 T
INS 7224 G
SUB 7226 T
INS 7228 T
DEL 7231
SUB 7233 A
SUB 7234 T
SUB 7235 C
SUB 7237 A
INS 7242 C
SUB 7245 A
INS 7246 T
INS 7249 T
SUB 7252 T
INS 7254 T
INS 7255 T
INS 7256 A
INS 7257 T
INS 7258 A
SUB 7260 A
INS 7261 A
DEL 7263
INS 7266 A
INS 7268 T
INS 7270 C
SUB 7272 T
SUB 7274 G
SUB 7276 A
SUB 7279 T
SUB 7281 C
INS 7283 T
SUB 7285 A
DEL 7290
INS 7292 A
SUB 7294 A
SUB 7295 A
INS 7296 G
INS 7300 C
SUB 7304 G
SUB 7305 A
SUB 7306 A
SUB 7308 G
SUB 7309 G
SUB 7310 G
INS 7311 G
INS 7316 T
SUB 7318 G
SUB 7321 C
INS 7322 C
SUB 7324 T
INS 7325 T
SUB 7327 T
DEL 7329
SUB 7330 C
INS 7334 C
INS 7339 T
INS 7340 A
INS 7341 G
SUB 7343 A
SUB 7344 G
SUB 7348 T
INS 7349 T
INS 7350 C
INS 7351 T
SUB 7355 C
INS 7356 A
SUB 7359 T
INS 7360 G
SUB 7363 G
INS 7365 T
INS 7366 A
INS 7368 A
INS 7370 T
SUB 7372 C
INS 7377 A
INS 7379 C
SUB 7381 C
INS 7382 A
INS 7383 A
SUB 7385 C
INS 7386 T
SUB 7389 C
INS 7390 C
INS 7391 A
INS 7393 C
SUB 7395 C
SUB 7396 C
INS 7399 C
INS 7400 C
SUB 7403 A
INS 7404 A
SUB 7407 A
INS 7409 A
SUB 7412 C
SUB 7414 C
DEL 7415
SUB 7416 G
SUB 7419 T
SUB 7420 G
SUB 7422 C
SUB 7423 G
INS 7425 C
INS 7428 G
INS 7433 A
INS 7434 A
INS 7436 A
SUB 7438 A
SUB 7439 A
SUB 7440 T
SUB 7441 C
INS 7445 A
INS 7446 A
INS 7447 A
INS 7451 C
INS 7452 T
INS 7453 C
INS 7454 A
INS 7455 T
INS 7456 T
INS 7457 A
INS 7458 T
SUB 7462 C
INS 7465 G
INS 7470 C
INS 7471 C
INS 7472 C
INS 7473 C
INS 7474 A
DEL 7477
INS 7479 G
SUB 7482 G
INS 7485 T
DEL 7490
SUB 7492 T
SUB 7494 T
INS 7496 C
SUB 7499 G
INS 7500 G
SUB 7503 A
INS 7505 A
INS 7506 A
SUB 7508 A
SUB 7509 T
SUB 7510 T
INS 7512 A
INS 7513 T
SUB 7515 G
SUB 7518 A
INS 7520 T
SUB 7522 C
INS 7525 C
INS 7528 T
INS 7529 A
INS 7531 T
SUB 7536 C
SUB 7538 C
INS 7539 C
INS 7540 C
SUB 7543 C
SUB 7544 C
SUB 7545 C
SUB 7548 G
SUB 7549 C
SUB 7550 C
DEL 7552
DEL 7553
INS 7554 A
SUB 7557 C
INS 7559 C
SUB 7561 C
DEL 7564
DEL 7564
SUB 7565 T
SUB 7568 T
DEL 7570
INS 7571 G
INS 7574 T
SUB 7578 T
INS 7580 T
SUB 7583 T
SUB 7584 T
DEL 7585
INS 7586 T
INS 7588 T
SUB 7593 A
SUB 7596 G
DEL 7597
DEL 7597
SUB 7598 G
SUB 7601 A
INS 7602 T
INS 7604 T
SUB 7606 A
SUB 7608 C
INS 7609 A
SUB 7611 C
SUB 7613 C
SUB 7618 A
SUB 7619 C
DEL 7620
DEL 7620
SUB 7621 T
SUB 7623 C
SUB 7624 C
SUB 7628 C
SUB 7629 A
DEL 7631
SUB 7632 C
INS 7634 G
INS 7635 T
INS 7638 G
INS 7639 T
SUB 7643 T
SUB 7645 T
SUB 7646 C
SUB 7648 T
INS 7649 C
INS 7650 C
INS 7652 C
INS 7654 C
INS 7656 T
INS 7661 T
SUB 7663 G
SUB 7665 G
SUB 7666 G
SUB 7668 G
INS 7670 T
INS 7671 A
INS 7674 T
INS 7676 A
INS 7678 C
DEL 7680
SUB 7682 G
INS 7685 G
INS 7686 G
INS 7687 G
SUB 7689 T
INS 7690 A
SUB 7692 T
DEL 7694
INS 7695 T
INS 7700 T
SUB 7703 T
INS 7704 A
SUB 7709 C
SUB 7712 C
INS 7714 C
INS 7718 G
INS 7720 G
INS 7722 A
INS 7723 T
INS 7725 A
INS 7728 G
INS 7730 G
SUB 7733 A
SUB 7736 C
SUB 7737 C
INS 7738 T
SUB 7742 A
SUB 7745 A
SUB 7747 G
DEL 7750
SUB 7751 T
INS 7753 G
SUB 7755 G
INS 7757 G
DEL 7760
SUB 7761 C
DEL 7762
DEL 7762
SUB 7765 C
INS 7767 G
DEL 7769
SUB 7770 T
SUB 7772 T
SUB 7774 T
INS 7775 C
INS 7780 C
INS 7786 A
INS 7787 G
INS 7789 G
INS 7791 C
INS 7792 A
INS 7793 A
INS 7794 C
INS 7795 C
INS 7799 A
SUB 7801 T
INS 7803 C
INS 7804 C
SUB 7807 A
SUB 7808 A
DEL 7811
INS 7813 T
INS 7815 T
DEL 7819
DEL 7821
DEL 7821
SUB 7823 T
SUB 7825 A
SUB 7827 T
SUB 7829 A
SUB 7832 T
SUB 7834 T
SUB 7837 T
INS 7840 A
INS 7843 C
INS 7845 T
INS 7846 C
SUB 7849 T
SUB 7851 G
SUB 7852 G
SUB 7855 G
SUB 7856 C
INS 7857 C
INS 7858 C
SUB 7860 A
SUB 7861 C
INS 7862 C
DEL 7866
INS 7867 C
INS 7869 C
INS 7870 C
SUB 7872 C
SUB 7873 G
SUB 7874 G
SUB 7879 C
SUB 7880 G
SUB 7883 C
DEL 7884
SUB 7886 T
SUB 7887 T
DEL 7889
SUB 7890 A
INS 7892 T
INS 7895 C
INS 7896 T
INS 7898 C
INS 7901 A
INS 7902 T
INS 7906 C
INS 7909 G
INS 7912 G
SUB 7914 C
INS 7915 G
SUB 7917 G
DEL 7920
DEL 7925
SUB 7926 A
SUB 7927 A
SUB 7929 C
INS 7931 G
INS 7934 C
INS 7935 C
INS 7936 G
INS 7937 G
INS 7938 G
INS 7941 A
INS 7942 A
INS 7943 A
INS 7945 T
SUB 7947 G
SUB 7949 G
INS 7950 T
INS 7954 A
INS 7957 A
INS 7961 T
INS 7964 G
SUB 7966 T
INS 7967 T
SUB 7969 C
SUB 7971 G
INS 7973 G
INS 7975 G
INS 7976 C
INS 7979 T
INS 7981 G
INS 7982 G
SUB 7984 T
SUB 7985 G
DEL 7987
SUB 7992 T
INS 7994 G
INS 7996 G
SUB 7998 T
INS 7999 G
INS 8001 G
INS 8002 A
INS 8003 A
INS 8005 C
INS 8006 C
INS 8008 T
SUB 8011 C
INS 8012 G
INS 8015 A
INS 8016 T
INS 8017 T
INS 8018 C
INS 8019 T
INS 8020 A
INS 8023 C
SUB 8026 A
INS 8028 G
INS 8029 C
INS 8030 G
SUB 8033 C
INS 8034 T
INS 8038 C
SUB 8042 T
SUB 8044 G
INS 8045 G
DEL 8047
DEL 8052
INS 8054 G
INS 8056 G
INS 8057 A
INS 8058 C
INS 8060 T
INS 8061 A
INS 8064 G
INS 8066 A
DEL 8068
SUB 8071 G
SUB 8073 C
INS 8074 A
DEL 8077
INS 8079 A
INS 8081 A
INS 8083 A
INS 8085 C
INS 8086 A
INS 8089 C
SUB 8091 A
INS 8094 G
INS 8095 C
INS 8096 G
INS 8098 C
INS 8099 C
INS 8101 G
SUB 8104 T
SUB 8106 A
INS 8107 T
SUB 8111 T
SUB 8112 T
INS 8113 A
INS 8115 G
INS 8117 G
INS 8119 G
INS 8122 G
SUB 8124 G
SUB 8125 C
SUB 8126 T
INS 8128 T
INS 8129 T
INS 8131 G
SUB 8134 A
SUB 8135 T
SUB 8136 T
SUB 8142 C
SUB 8146 C
INS 8150 A
SUB 8153 C
SUB 8154 G
SUB 8155 C
INS 8158 T
SUB 8160 T
SUB 8161 C
SUB 8162 T
INS 8163 T
SUB 8165 T
INS 8167 A
SUB 8169 G
SUB 8170 T
INS 8173 T
INS 8175 A
DEL 8178
DEL 8178
SUB 8182 G
SUB 8183 G
SUB 8184 C
SUB 8189 G
SUB 8190 C
INS 8191 C
INS 8192 A
INS 8193 C
SUB 8199 A
INS 8200 T
INS 8201 T
SUB 8205 G
SUB 8206 G
INS 8208 G
SUB 8212 G
DEL 8214
SUB 8216 T
SUB 8219 T
INS 8220 T
INS 8221 T
INS 8224 A
INS 8225 A
INS 8227 C
SUB 8229 G
INS 8230 G
SUB 8233 G
INS 8234 A
SUB 8237 C
SUB 8238 C
DEL 8239
DEL 8241
SUB 8242 T
SUB 8244 T
INS 8245 T
SUB 8247 A
SUB 8248 A
INS 8251 G
SUB 8253 A
INS 8254 C
INS 8256 C
INS 8258 C
SUB 8260 A
INS 8263 A
INS 8265 T
INS 8267 T
INS 8270 G
INS 8273 A
INS 8276 C
INS 8278 C
INS 8279 A
INS 8280 A
INS 8282 C
INS 8285 G
INS 8287 A
SUB 8290 G
SUB 8294 T
SUB 8295 T
INS 8297 G
SUB 8299 G
SUB 8300 C
SUB 8301 G
SUB 8304 T
INS 8308 C
INS 8310 A
SUB 8312 G
SUB 8313 G
SUB 8315 A
SUB 8318 A
DEL 8320
INS 8321 G
DEL 8323
INS 8324 C
DEL 8326
SUB 8329 T
INS 8330 T
DEL 8332
INS 8335 G
INS 8337 A
SUB 8340 C
SUB 8342 T
SUB 8344 C
SUB 8345 A
INS 8348 G
INS 8349 T
INS 8350 T
INS 8352 C
INS 8353 A
INS 8355 C
INS 8357 A
SUB 8361 C
INS 8362 T
SUB 8365 G
SUB 8366 T
SUB 8371 A
SUB 8372 A
SUB 8376 C
INS 8378 G
INS 8380 G
INS 8383 A
SUB 8385 C
SUB 8386 C
DEL 8388
SUB 8390 T
INS 8391 T
INS 8392 C
DEL 8397
SUB 8398 A
INS 8400 T
SUB 8406 C
DEL 8407
INS 8409 A
SUB 8414 T
INS 8416 T
INS 8417 G
INS 8418 T
INS 8419 C
INS 8422 A
INS 8424 G
SUB 8427 G
SUB 8428 G
INS 8429 G
SUB 8432 G
INS 8433 T
INS 8434 T
DEL 8437
INS 8439 C
INS 8440 T
SUB 8445 T
DEL 8448
INS 8449 T
SUB 8451 G
INS 8453 T
INS 8455 T
SUB 8457 T
SUB 8458 T
INS 8460 T
INS 8463 A
INS 8464 A
INS 8467 A
INS 8469 T
INS 8470 T
INS 8472 A
INS 8473 A
INS 8474 T
INS 8475 A
INS 8477 T
INS 8480 T
INS 8481 T
SUB 8486 A
INS 8488 A
INS 8490 A
INS 8492 A
INS 8494 T
INS 8495 T
INS 8497 G
INS 8499 C
SUB 8501 A
SUB 8502 A
SUB 8503 A
SUB 8504 A
INS 8507 C
SUB 8509 C
INS 8510 G
INS 8512 A
INS 8518 C
INS 8519 C
INS 8520 T
INS 8522 G
INS 8523 T
INS 8525 A
INS 8526 C
INS 8527 A
INS 8528 A
INS 8529 G
INS 8532 T
INS 8536 G
INS 8537 G
INS 8538 T
INS 8539 T
INS 8542 C
INS 8543 A
INS 8545 C
INS 8547 C
INS 8548 C
SUB 8551 A
INS 8552 T
INS 8554 C
INS 8555 A
INS 8557 G
INS 8558 A
INS 8559 A
INS 8560 G
